<?xml version="1.0" encoding="UTF-8"?>
<!-- Generated by org.testng.reporters.JUnitXMLReporter -->
<testsuite hostname="DESKTOP-MSUCRPV" name="Default test" tests="4" failures="0" timestamp="4 Dec 2019 03:20:33 GMT" time="0.1" errors="0">
  <testcase name="m1" time="0.0" classname="TestngActPack.TestClass1">
    <skipped/>
  </testcase> <!-- m1 -->
  <testcase name="m2" time="0.0" classname="TestngActPack.TestClass1">
    <skipped/>
  </testcase> <!-- m2 -->
  <testcase name="m3" time="0.004" classname="TestngActPack.TestClass1"/>
  <testcase name="m4" time="0.003" classname="TestngActPack.TestClass1"/>
</testsuite> <!-- Default test -->
