<?xml version="1.0" encoding="UTF-8"?>
<testng-results skipped="0" failed="0" total="1" passed="1">
  <reporter-output>
  </reporter-output>
  <suite name="Suite" duration-ms="124" started-at="2019-12-04T03:50:54Z" finished-at="2019-12-04T03:50:55Z">
    <groups>
      <group name="smoke">
        <method signature="TestClass1.m2(java.lang.String)[pri:0, instance:TestngActPack.TestClass1@25bbe1b6]" name="m2" class="TestngActPack.TestClass1"/>
      </group> <!-- smoke -->
    </groups>
    <test name="Test" duration-ms="124" started-at="2019-12-04T03:50:54Z" finished-at="2019-12-04T03:50:55Z">
      <class name="TestngActPack.TestClass1">
        <test-method status="PASS" signature="m2(java.lang.String)[pri:0, instance:TestngActPack.TestClass1@25bbe1b6]" name="m2" duration-ms="37" started-at="2019-12-04T09:20:54Z" finished-at="2019-12-04T09:20:55Z">
          <params>
            <param index="0">
              <value>
                <![CDATA[Windows]]>
              </value>
            </param>
          </params>
          <reporter-output>
          </reporter-output>
        </test-method> <!-- m2 -->
      </class> <!-- TestngActPack.TestClass1 -->
    </test> <!-- Test -->
  </suite> <!-- Suite -->
</testng-results>
